matrixcalc_AMD64 @ LAPTOP-T4TI16BV:  ----------
                                     Infos #: 0
                                     ----------

matrixcalc_AMD64 @ LAPTOP-T4TI16BV:  -------------
                                     WARNINGS #: 0
                                     -------------

matrixcalc_AMD64 @ LAPTOP-T4TI16BV:  -----------
                                     ERRORS #: 0
                                     -----------

matrixcalc_AMD64 @ LAPTOP-T4TI16BV:  ----------
                                     Infos #: 0
                                     ----------

matrixcalc_AMD64 @ LAPTOP-T4TI16BV:  -------------
                                     WARNINGS #: 0
                                     -------------

matrixcalc_AMD64 @ LAPTOP-T4TI16BV:  -----------
                                     ERRORS #: 0
                                     -----------

matrixcalc_AMD64 @ LAPTOP-T4TI16BV:  ----------
                                     Infos #: 0
                                     ----------

matrixcalc_AMD64 @ LAPTOP-T4TI16BV:  -------------
                                     WARNINGS #: 0
                                     -------------

matrixcalc_AMD64 @ LAPTOP-T4TI16BV:  -----------
                                     ERRORS #: 0
                                     -----------

matrixcalc_AMD64 @ LAPTOP-T4TI16BV:  ----------
                                     Infos #: 0
                                     ----------

matrixcalc_AMD64 @ LAPTOP-T4TI16BV:  -------------
                                     WARNINGS #: 0
                                     -------------

matrixcalc_AMD64 @ LAPTOP-T4TI16BV:  -----------
                                     ERRORS #: 0
                                     -----------

